<?xml version="1.0" encoding="UTF-8"?>
<!-- Generated by org.testng.reporters.JUnitReportReporter -->
<testsuite hostname="TYSS-Manoj" failures="0" tests="1" name="login.LG003_Verifying_User_Is_Able_To_Get_Error_Message_When_User_Enter_Invalid_Username_And_Valid_Password" time="18.938" errors="0" timestamp="2023-08-22T17:56:37 IST" skipped="0">
  <testcase classname="login.LG003_Verifying_User_Is_Able_To_Get_Error_Message_When_User_Enter_Invalid_Username_And_Valid_Password" name="enterInvalidUsernameAndValidPassword" time="18.938"/>
  <system-out/>
</testsuite> <!-- login.LG003_Verifying_User_Is_Able_To_Get_Error_Message_When_User_Enter_Invalid_Username_And_Valid_Password -->
