<?xml version="1.0" encoding="UTF-8"?>
<!-- Generated by org.testng.reporters.JUnitReportReporter -->
<testsuite hostname="TYSS-Manoj" failures="0" tests="1" name="login.LG001_Verify_User_Is_Able_To_Login_With_Valid_Credential" time="116.822" errors="0" timestamp="2023-08-22T17:56:37 IST" skipped="0">
  <testcase classname="login.LG001_Verify_User_Is_Able_To_Login_With_Valid_Credential" name="loginToKuzaApplication" time="116.822"/>
  <system-out/>
</testsuite> <!-- login.LG001_Verify_User_Is_Able_To_Login_With_Valid_Credential -->
