<?xml version="1.0" encoding="UTF-8"?>
<!-- Generated by org.testng.reporters.JUnitReportReporter -->
<testsuite hostname="TYSS-Manoj" failures="0" tests="1" name="Sync.AY001_Verify_User_Is_Able_To_Sync_Data_To_Cloud" time="175.986" errors="0" timestamp="2023-08-22T17:56:37 IST" skipped="0">
  <testcase classname="Sync.AY001_Verify_User_Is_Able_To_Sync_Data_To_Cloud" name="enterInvalidUsernameAndValidPassword" time="175.986"/>
  <system-out/>
</testsuite> <!-- Sync.AY001_Verify_User_Is_Able_To_Sync_Data_To_Cloud -->
